
--- Sweep Rratio ---
  Rratio=7.699999999999996: TC=43.3 LR=9.4 PSRR=45.6 Vref=1.2128 score=48.4
  Rratio=7.799999999999995: TC=29.6 LR=9.5 PSRR=43.6 Vref=1.2134 score=35.5 <-- BEST
  Rratio=7.999999999999995: TC=12.5 LR=9.2 PSRR=43.6 Vref=1.2248 score=17.8 <-- BEST
  Rratio=8.099999999999994: TC=22.3 LR=9.4 PSRR=43.6 Vref=1.2306 score=28.0
  Selected Rratio=7.999999999999995

--- Sweep Rptat ---
  Rptat=30000: TC=12.5 LR=9.2 PSRR=43.6 Vref=1.2248 score=17.8
  Selected Rptat=30000

--- Sweep Rratio ---
  Rratio=7.699999999999994: TC=42.3 LR=9.4 PSRR=43.6 Vref=1.2077 score=48.0
  Rratio=7.799999999999994: TC=29.6 LR=9.3 PSRR=43.6 Vref=1.2134 score=35.1
  Rratio=7.899999999999993: TC=17.9 LR=9.2 PSRR=43.6 Vref=1.2191 score=23.1
  Rratio=7.999999999999993: TC=10.1 LR=9.2 PSRR=43.6 Vref=1.2248 score=15.4 <-- BEST
  Rratio=8.099999999999993: TC=22.3 LR=9.4 PSRR=43.6 Vref=1.2306 score=28.0
  Selected Rratio=7.999999999999993

--- Sweep Rtail ---
  Rtail=40000: TC=11.0 LR=8.6 PSRR=41.7 Vref=1.2245 score=15.6
  Rtail=50000: TC=10.1 LR=9.2 PSRR=43.6 Vref=1.2248 score=15.4
  Selected Rtail=50000

--- Sweep Wm ---
  Wm=85: TC=10.1 LR=9.2 PSRR=43.6 Vref=1.2248 score=15.4
  Selected Wm=85

--- Sweep Lm ---
  Lm=2: TC=10.1 LR=9.2 PSRR=43.6 Vref=1.2248 score=15.4
  Selected Lm=2

--- Sweep Wd ---
  Wd=15: TC=27.2 LR=6.8 PSRR=41.1 Vref=1.2255 score=28.5
  Wd=20: TC=10.1 LR=9.2 PSRR=43.6 Vref=1.2248 score=15.4
  Selected Wd=20

--- Sweep Ld ---
